[hubhtml.liquid-themes.com/index-digital-hub.html]
[backblue.gif]
[fade.gif]
[index.html]
[hubhtml.liquid-themes.com/assets/images/common/og-image.jpg]
[hubhtml.liquid-themes.com/assets/vendors/liquid-icon/lqd-essentials/lqd-essentials.min.css]
[hubhtml.liquid-themes.com/assets/css/utility.min.css]
[hubhtml.liquid-themes.com/assets/css/theme.min.css]
[hubhtml.liquid-themes.com/assets/css/demo/digital-hub/base.css]
[hubhtml.liquid-themes.com/assets/css/demo/digital-hub/digital-hub.css]
[use.typekit.net/gvb1ffq.css]
[fonts.googleapis.com/index.html]
[hubhtml.liquid-themes.com/assets/images/demo/digital-hub/logo.svg]
[hubhtml.liquid-themes.com/page-digital-hub-blog.html]
[hubhtml.liquid-themes.com/assets/images/demo/digital-hub/bg-min.png]
[hubhtml.liquid-themes.com/assets/images/demo/digital-hub/banner.jpg]
[hubhtml.liquid-themes.com/assets/images/demo/digital-hub/portfolio-1.jpg]
[hubhtml.liquid-themes.com/assets/images/demo/digital-hub/portfolio-2.jpg]
[hubhtml.liquid-themes.com/assets/images/demo/digital-hub/portfolio-3.jpg]
[hubhtml.liquid-themes.com/assets/images/demo/digital-hub/portfolio-4.jpg]
[hubhtml.liquid-themes.com/assets/images/demo/digital-hub/marketing-1.jpg]
[hubhtml.liquid-themes.com/assets/images/demo/digital-hub/marketing-2.jpg]
[hubhtml.liquid-themes.com/assets/images/demo/digital-hub/marketing-3.jpg]
[hubhtml.liquid-themes.com/page-company-what-we-do.html]
[hubhtml.liquid-themes.com/assets/images/demo/digital-hub/case-study-1.jpg]
[hubhtml.liquid-themes.com/assets/images/demo/digital-hub/case-study-2.jpg]
[hubhtml.liquid-themes.com/assets/images/demo/digital-hub/case-study-3.jpg]
[hubhtml.liquid-themes.com/assets/images/demo/digital-hub/case-study-4.jpg]
[hubhtml.liquid-themes.com/assets/images/demo/digital-hub/case-study-5.jpg]
[hubhtml.liquid-themes.com/assets/images/demo/digital-hub/case-study-6.jpg]
[hubhtml.liquid-themes.com/page-asymmetric-agency-case-studies.html]
[hubhtml.liquid-themes.com/assets/images/demo/digital-hub/team-1.jpg]
[hubhtml.liquid-themes.com/assets/images/demo/digital-hub/team-2.jpg]
[hubhtml.liquid-themes.com/assets/images/demo/digital-hub/team-3.jpg]
[hubhtml.liquid-themes.com/assets/images/demo/digital-hub/avatar-testimonial.png]
[hubhtml.liquid-themes.com/assets/images/demo/digital-hub/client-dropcam.svg]
[hubhtml.liquid-themes.com/assets/images/demo/digital-hub/client-amazon.svg]
[hubhtml.liquid-themes.com/assets/images/demo/digital-hub/client-cisco.svg]
[hubhtml.liquid-themes.com/assets/images/demo/digital-hub/client-amd-logo.svg]
[hubhtml.liquid-themes.com/assets/images/demo/digital-hub/client-logitech.svg]
[hubhtml.liquid-themes.com/assets/images/demo/digital-hub/client-Spotify.svg]
[hubhtml.liquid-themes.com/assets/images/demo/digital-hub/shape-person.png]
[hubhtml.liquid-themes.com/assets/images/common/modal-bg.jpg]
[hubhtml.liquid-themes.com/cdn-cgi/l/email-protection.html]
[hubhtml.liquid-themes.com/cdn-cgi/scripts/5c5dd728/cloudflare-static/email-decode.min.js]
[hubhtml.liquid-themes.com/assets/vendors/jquery.min.js]
[hubhtml.liquid-themes.com/assets/vendors/jquery-ui/jquery-ui.min.js]
[hubhtml.liquid-themes.com/assets/vendors/fastdom/fastdom.min.js]
[hubhtml.liquid-themes.com/assets/vendors/bootstrap/js/bootstrap.min.js]
[hubhtml.liquid-themes.com/assets/vendors/fresco/js/fresco.js]
[hubhtml.liquid-themes.com/assets/vendors/lity/lity.min.js]
[hubhtml.liquid-themes.com/assets/vendors/gsap/minified/gsap.min.js]
[hubhtml.liquid-themes.com/assets/vendors/gsap/utils/CustomEase.min.js]
[hubhtml.liquid-themes.com/assets/vendors/gsap/minified/DrawSVGPlugin.min.js]
[hubhtml.liquid-themes.com/assets/vendors/gsap/minified/ScrollTrigger.min.js]
[hubhtml.liquid-themes.com/assets/vendors/draw-shape/liquidDrawShape.min.js]
[hubhtml.liquid-themes.com/assets/vendors/animated-blob/liquidAnimatedBlob.min.js]
[hubhtml.liquid-themes.com/assets/vendors/fontfaceobserver.js]
[hubhtml.liquid-themes.com/assets/vendors/gsap/utils/SplitText.min.js]
[hubhtml.liquid-themes.com/assets/vendors/flickity/flickity.pkgd.min.js]
[hubhtml.liquid-themes.com/assets/vendors/flickity/flickity-fade.min.js]
[hubhtml.liquid-themes.com/assets/vendors/particles.min.js]
[hubhtml.liquid-themes.com/assets/vendors/isotope/isotope.pkgd.min.js]
[hubhtml.liquid-themes.com/assets/js/liquid-gdpr.min.js]
[hubhtml.liquid-themes.com/assets/js/theme.min.js]
[hubhtml.liquid-themes.com/assets/js/liquid-ajax-contact-form.min.js]
[hubhtml.liquid-themes.com/index-digital-hub.html]
[fonts.googleapis.com/index.html]
[fonts.gstatic.com/index.html]
[fonts.googleapis.com/css23807.css]
[hubhtml.liquid-themes.com/assets/css/demo/digital-hub/digital-hub-blog.css]
[hubhtml.liquid-themes.com/assets/images/demo/digital-hub/blog/blog-1.jpg]
[hubhtml.liquid-themes.com/assets/images/demo/digital-hub/blog/blog-logo.png]
[hubhtml.liquid-themes.com/assets/images/demo/digital-hub/blog/blog-2.jpg]
[hubhtml.liquid-themes.com/assets/images/demo/digital-hub/blog/blog-3.jpg]
[hubhtml.liquid-themes.com/assets/images/demo/digital-hub/blog/blog-4.jpg]
[hubhtml.liquid-themes.com/assets/images/demo/digital-hub/blog/blog-5.jpg]
[hubhtml.liquid-themes.com/page-digital-hub-blog.html]
[hubhtml.liquid-themes.com/assets/images/demo/digital-hub/blog/blog-6.jpg]
[hubhtml.liquid-themes.com/assets/css/demo/company/base.css]
[hubhtml.liquid-themes.com/assets/css/demo/company/company-what-we-do.css]
[hubhtml.liquid-themes.com/assets/images/demo/company/what-we-do/titlebar.jpg]
[hubhtml.liquid-themes.com/index-company.html]
[hubhtml.liquid-themes.com/assets/images/demo/company/hub-svg-logo.svg]
[hubhtml.liquid-themes.com/assets/images/demo/company/logo.svg]
[hubhtml.liquid-themes.com/page-company-about.html]
[hubhtml.liquid-themes.com/page-company-services.html]
[hubhtml.liquid-themes.com/assets/images/demo/company/what-we-do/company-1.jpg]
[hubhtml.liquid-themes.com/page-company-contact.html]
[hubhtml.liquid-themes.com/assets/images/demo/company/what-we-do/company-2.jpg]
[hubhtml.liquid-themes.com/assets/images/demo/company/what-we-do/company-3.jpg]
[hubhtml.liquid-themes.com/assets/images/demo/company/footer-bg.png]
[hubhtml.liquid-themes.com/assets/vendors/isotope/packery-mode.pkgd.min.js]
[hubhtml.liquid-themes.com/page-company-what-we-do.html]
[hubhtml.liquid-themes.com/assets/css/demo/asymmetric-agency/base.css]
[hubhtml.liquid-themes.com/assets/css/demo/asymmetric-agency/asymmetric-agency-case-studies.css]
[hubhtml.liquid-themes.com/index-asymmetric-agency.html]
[hubhtml.liquid-themes.com/assets/images/demo/asymmetric-agency/logo.svg]
[hubhtml.liquid-themes.com/assets/images/demo/asymmetric-agency/logo-light.svg]
[hubhtml.liquid-themes.com/page-asymmetric-agency-about-us.html]
[hubhtml.liquid-themes.com/page-asymmetric-agency-our-approach.html]
[hubhtml.liquid-themes.com/page-asymmetric-agency-expertise.html]
[hubhtml.liquid-themes.com/assets/images/demo/asymmetric-agency/case-studies/banner.jpg]
[hubhtml.liquid-themes.com/assets/images/demo/asymmetric-agency/shape-stars.svg]
[hubhtml.liquid-themes.com/assets/images/demo/asymmetric-agency/case-studies/case-studies-row-1.jpg]
[hubhtml.liquid-themes.com/assets/images/demo/asymmetric-agency/case-studies/case-studies-row-2.jpg]
[hubhtml.liquid-themes.com/assets/images/demo/asymmetric-agency/case-studies/case-studies-row-3.jpg]
[hubhtml.liquid-themes.com/assets/images/demo/asymmetric-agency/case-studies/case-studies-row-4.jpg]
[hubhtml.liquid-themes.com/assets/images/demo/asymmetric-agency/case-studies/career-1.jpg]
[hubhtml.liquid-themes.com/assets/images/demo/asymmetric-agency/case-studies/lets-talk.jpg]
[hubhtml.liquid-themes.com/assets/vendors/tinycolor-min.js]
[hubhtml.liquid-themes.com/page-asymmetric-agency-case-studies.html]
[hubhtml.liquid-themes.com/cdn-cgi/l/email-protection.html]
[fonts.googleapis.com/css2e9d0.css]
[hubhtml.liquid-themes.com/assets/css/demo/company/company.css]
[hubhtml.liquid-themes.com/banner]
[hubhtml.liquid-themes.com/assets/images/demo/company/bg-lines.svg]
[hubhtml.liquid-themes.com/assets/images/demo/company/banner.jpg]
[hubhtml.liquid-themes.com/assets/images/demo/company/fixed-bg.jpg]
[hubhtml.liquid-themes.com/assets/images/demo/company/client-logo-7-2.svg]
[hubhtml.liquid-themes.com/assets/images/demo/company/client-yahoofinance-2.svg]
[hubhtml.liquid-themes.com/assets/images/demo/company/client-dhl-2.svg]
[hubhtml.liquid-themes.com/assets/images/demo/company/client-entr-2.svg]
[hubhtml.liquid-themes.com/assets/images/demo/company/client-dropcam-1.svg]
[hubhtml.liquid-themes.com/assets/images/demo/company/client-digitallogo-1.svg]
[hubhtml.liquid-themes.com/assets/images/demo/company/flip-img-1.jpg]
[hubhtml.liquid-themes.com/assets/images/demo/company/flip-img-2.jpg]
[hubhtml.liquid-themes.com/assets/images/demo/company/flip-img-3.jpg]
[hubhtml.liquid-themes.com/assets/images/demo/company/what-we-do-1.jpg]
[hubhtml.liquid-themes.com/assets/images/demo/company/what-we-do-2.jpg]
[hubhtml.liquid-themes.com/assets/images/demo/company/testimonials.jpg]
[hubhtml.liquid-themes.com/assets/images/demo/company/icon-quote.svg]
[hubhtml.liquid-themes.com/assets/images/demo/company/blog-1.jpg]
[hubhtml.liquid-themes.com/assets/images/demo/company/blog-2.jpg]
[hubhtml.liquid-themes.com/assets/images/demo/company/blog-3.jpg]
[hubhtml.liquid-themes.com/index-company.html]
[hubhtml.liquid-themes.com/assets/css/demo/company/company-about.css]
[hubhtml.liquid-themes.com/assets/images/demo/company/about/titlebar.jpg]
[hubhtml.liquid-themes.com/assets/images/demo/company/about/image-box-1.jpg]
[hubhtml.liquid-themes.com/assets/images/demo/company/about/image-box-2.jpg]
[hubhtml.liquid-themes.com/assets/images/demo/company/about/image-box-3.jpg]
[hubhtml.liquid-themes.com/assets/images/demo/company/about/image-box-4.jpg]
[hubhtml.liquid-themes.com/assets/images/demo/company/about/has-accordion.jpg]
[hubhtml.liquid-themes.com/assets/images/demo/company/about/team-1.jpg]
[hubhtml.liquid-themes.com/assets/images/demo/company/about/team-2.jpg]
[hubhtml.liquid-themes.com/assets/images/demo/company/about/team-3.jpg]
[hubhtml.liquid-themes.com/assets/images/demo/company/about/counters.jpg]
[hubhtml.liquid-themes.com/assets/images/demo/company/about/partner-1.jpg]
[hubhtml.liquid-themes.com/assets/images/demo/company/about/partner-2.jpg]
[hubhtml.liquid-themes.com/assets/images/demo/company/about/client-facebook.svg]
[hubhtml.liquid-themes.com/assets/images/demo/company/about/client-paypal-logo.svg]
[hubhtml.liquid-themes.com/assets/images/demo/company/about/client-logitech-2-1.svg]
[hubhtml.liquid-themes.com/assets/images/demo/company/about/client-apper.svg]
[hubhtml.liquid-themes.com/assets/images/demo/company/about/client-amazon-2.svg]
[hubhtml.liquid-themes.com/page-company-about.html]
[hubhtml.liquid-themes.com/assets/css/demo/company/company-services-2.css]
[hubhtml.liquid-themes.com/assets/images/demo/company/services-2/titlebar.jpg]
[hubhtml.liquid-themes.com/assets/images/demo/company/services-2/portfoliodetail.jpg]
[hubhtml.liquid-themes.com/page-company-services.html]
[hubhtml.liquid-themes.com/assets/css/demo/company/company-contact.css]
[hubhtml.liquid-themes.com/page-company-contact.html]
[fonts.googleapis.com/css23d6e.css]
[hubhtml.liquid-themes.com/assets/css/demo/asymmetric-agency/asymmetric-agency.css]
[hubhtml.liquid-themes.com/assets/images/demo/asymmetric-agency/bg-lines.svg]
[hubhtml.liquid-themes.com/assets/images/demo/asymmetric-agency/banner-slider-1.jpg]
[hubhtml.liquid-themes.com/assets/images/demo/asymmetric-agency/banner-slider-2.jpg]
[hubhtml.liquid-themes.com/assets/images/demo/asymmetric-agency/banner-slider-3.jpg]
[hubhtml.liquid-themes.com/assets/images/demo/asymmetric-agency/banner-slider-4.jpg]
[hubhtml.liquid-themes.com/assets/images/demo/asymmetric-agency/client-dhl.svg]
[hubhtml.liquid-themes.com/assets/images/demo/asymmetric-agency/client-apper.svg]
[hubhtml.liquid-themes.com/assets/images/demo/asymmetric-agency/client-dropcam.svg]
[hubhtml.liquid-themes.com/assets/images/demo/asymmetric-agency/client-amazon-5.svg]
[hubhtml.liquid-themes.com/assets/images/demo/asymmetric-agency/client-yahoo.svg]
[hubhtml.liquid-themes.com/assets/images/demo/asymmetric-agency/client-logitecg-5.svg]
[hubhtml.liquid-themes.com/assets/images/demo/asymmetric-agency/faq-1.jpg]
[hubhtml.liquid-themes.com/assets/images/demo/asymmetric-agency/scroll-banana.jpg]
[hubhtml.liquid-themes.com/assets/images/demo/asymmetric-agency/case-studies-1.jpg]
[hubhtml.liquid-themes.com/assets/images/demo/asymmetric-agency/case-studies-2.jpg]
[hubhtml.liquid-themes.com/assets/images/demo/asymmetric-agency/case-studies-3.jpg]
[hubhtml.liquid-themes.com/assets/images/demo/asymmetric-agency/case-studies-4.jpg]
[hubhtml.liquid-themes.com/assets/images/demo/asymmetric-agency/case-studies-5.jpg]
[hubhtml.liquid-themes.com/assets/images/demo/asymmetric-agency/case-studies-6.jpg]
[hubhtml.liquid-themes.com/assets/images/demo/asymmetric-agency/avatar-1.jpg]
[hubhtml.liquid-themes.com/assets/images/demo/asymmetric-agency/avatar-2.jpg]
[hubhtml.liquid-themes.com/assets/images/demo/asymmetric-agency/avatar-3.jpg]
[hubhtml.liquid-themes.com/assets/images/demo/asymmetric-agency/avatar-4.png]
[hubhtml.liquid-themes.com/assets/images/demo/asymmetric-agency/blog-1.jpg]
[hubhtml.liquid-themes.com/assets/images/demo/asymmetric-agency/blog-2.jpg]
[hubhtml.liquid-themes.com/assets/images/demo/asymmetric-agency/blog-3.jpg]
[hubhtml.liquid-themes.com/assets/images/demo/asymmetric-agency/carousel-image-1.jpg]
[hubhtml.liquid-themes.com/assets/images/demo/asymmetric-agency/carousel-image-2.jpg]
[hubhtml.liquid-themes.com/assets/images/demo/asymmetric-agency/carousel-image-3.jpg]
[hubhtml.liquid-themes.com/assets/images/demo/asymmetric-agency/carousel-image-4.jpg]
[hubhtml.liquid-themes.com/assets/images/demo/asymmetric-agency/shape-hand.svg]
[hubhtml.liquid-themes.com/index-asymmetric-agency.html]
[hubhtml.liquid-themes.com/assets/css/demo/asymmetric-agency/asymmetric-agency-about-us.css]
[hubhtml.liquid-themes.com/assets/images/common/fullscreen-project/project-1.jpg]
[hubhtml.liquid-themes.com/assets/images/common/fullscreen-project/project-2.jpg]
[hubhtml.liquid-themes.com/assets/images/common/fullscreen-project/project-3.jpg]
[hubhtml.liquid-themes.com/assets/images/common/fullscreen-project/project-4.jpg]
[hubhtml.liquid-themes.com/assets/images/common/fullscreen-project/project-5.jpg]
[hubhtml.liquid-themes.com/assets/images/common/fullscreen-project/project-6.jpg]
[hubhtml.liquid-themes.com/assets/images/common/fullscreen-project/project-7.jpg]
[hubhtml.liquid-themes.com/assets/images/demo/asymmetric-agency/bg-lines-light.svg]
[hubhtml.liquid-themes.com/assets/images/demo/asymmetric-agency/about-us/banner.png]
[hubhtml.liquid-themes.com/assets/images/demo/asymmetric-agency/about-us/experience-1.png]
[hubhtml.liquid-themes.com/assets/images/demo/asymmetric-agency/about-us/experience-2.png]
[hubhtml.liquid-themes.com/assets/images/demo/asymmetric-agency/about-us/team-1.png]
[hubhtml.liquid-themes.com/assets/images/demo/asymmetric-agency/about-us/team-2.png]
[hubhtml.liquid-themes.com/assets/images/demo/asymmetric-agency/about-us/team-3.png]
[hubhtml.liquid-themes.com/assets/images/demo/asymmetric-agency/about-us/client-1.svg]
[hubhtml.liquid-themes.com/assets/images/demo/asymmetric-agency/about-us/client-2.svg]
[hubhtml.liquid-themes.com/assets/images/demo/asymmetric-agency/about-us/client-3.svg]
[hubhtml.liquid-themes.com/assets/images/demo/asymmetric-agency/about-us/client-4.svg]
[hubhtml.liquid-themes.com/assets/images/demo/asymmetric-agency/about-us/client-5.svg]
[hubhtml.liquid-themes.com/assets/images/demo/asymmetric-agency/about-us/client-6.svg]
[hubhtml.liquid-themes.com/assets/images/demo/asymmetric-agency/about-us/client-7.svg]
[hubhtml.liquid-themes.com/assets/images/demo/asymmetric-agency/about-us/client-8.svg]
[hubhtml.liquid-themes.com/assets/images/demo/asymmetric-agency/about-us/client-9.svg]
[hubhtml.liquid-themes.com/assets/images/demo/asymmetric-agency/about-us/client-10.svg]
[hubhtml.liquid-themes.com/assets/images/demo/asymmetric-agency/about-us/client-11.svg]
[hubhtml.liquid-themes.com/assets/images/demo/asymmetric-agency/about-us/award-1.png]
[hubhtml.liquid-themes.com/assets/images/demo/asymmetric-agency/about-us/award-2.png]
[hubhtml.liquid-themes.com/assets/images/demo/asymmetric-agency/about-us/award-3.png]
[hubhtml.liquid-themes.com/page-asymmetric-agency-about-us.html]
[hubhtml.liquid-themes.com/assets/css/demo/asymmetric-agency/asymmetric-agency-our-approach.css]
[hubhtml.liquid-themes.com/assets/images/demo/asymmetric-agency/our-approach/banner.jpg]
[hubhtml.liquid-themes.com/assets/images/demo/asymmetric-agency/our-approach/what-we-do-1.jpg]
[hubhtml.liquid-themes.com/assets/images/demo/asymmetric-agency/our-approach/what-we-do-3.jpg]
[hubhtml.liquid-themes.com/assets/images/demo/asymmetric-agency/our-approach/what-we-do-2.jpg]
[hubhtml.liquid-themes.com/assets/images/demo/asymmetric-agency/our-approach/our-vision.jpg]
[hubhtml.liquid-themes.com/assets/images/demo/asymmetric-agency/our-approach/shape-stars.svg]
[hubhtml.liquid-themes.com/assets/images/demo/asymmetric-agency/our-approach/lets-talk.jpg]
[hubhtml.liquid-themes.com/page-asymmetric-agency-our-approach.html]
[hubhtml.liquid-themes.com/assets/css/demo/asymmetric-agency/asymmetric-agency-expertise.css]
[hubhtml.liquid-themes.com/assets/images/demo/asymmetric-agency/expertise/hero.jpg]
[hubhtml.liquid-themes.com/assets/images/demo/asymmetric-agency/expertise/carousel-image-1.jpg]
[hubhtml.liquid-themes.com/assets/images/demo/asymmetric-agency/expertise/carousel-image-2.jpg]
[hubhtml.liquid-themes.com/assets/images/demo/asymmetric-agency/expertise/carousel-image-3.jpg]
[hubhtml.liquid-themes.com/assets/images/demo/asymmetric-agency/expertise/carousel-image-4.jpg]
[hubhtml.liquid-themes.com/page-asymmetric-agency-expertise.html]
[hubhtml.liquid-themes.com/banner.html]
[hubhtml.liquid-themes.com/assets/images/demo/digital-hub/bg-min.png]
[hubhtml.liquid-themes.com/assets/images/demo/digital-hub/banner.jpg]
[hubhtml.liquid-themes.com/assets/images/demo/digital-hub/portfolio-1.jpg]
[hubhtml.liquid-themes.com/assets/images/demo/digital-hub/case-study-1.jpg]
[hubhtml.liquid-themes.com/assets/images/demo/digital-hub/avatar-testimonial.png]
[hubhtml.liquid-themes.com/assets/images/demo/digital-hub/blog/blog-6.jpg]
[hubhtml.liquid-themes.com/assets/images/demo/company/what-we-do/titlebar.jpg]
[hubhtml.liquid-themes.com/assets/images/demo/company/what-we-do/company-1.jpg]
[hubhtml.liquid-themes.com/assets/images/demo/company/what-we-do/company-3.jpg]
[hubhtml.liquid-themes.com/assets/images/demo/asymmetric-agency/case-studies/banner.jpg]
[hubhtml.liquid-themes.com/assets/images/demo/company/what-we-do/company-2.jpg]
[hubhtml.liquid-themes.com/assets/vendors/liquid-icon/lqd-essentials/fonts/lqd-essentials.woff2]
[hubhtml.liquid-themes.com/assets/vendors/liquid-icon/lqd-essentials/lqd-essentials.min.css]
[hubhtml.liquid-themes.com/assets/images/demo/company/banner.jpg]
[hubhtml.liquid-themes.com/assets/images/demo/company/fixed-bg.jpg]
[hubhtml.liquid-themes.com/assets/images/demo/company/testimonials.jpg]
[hubhtml.liquid-themes.com/assets/images/demo/company/about/counters.jpg]
[hubhtml.liquid-themes.com/assets/images/demo/company/about/partner-1.jpg]
[hubhtml.liquid-themes.com/assets/images/demo/company/services-2/portfoliodetail.jpg]
[hubhtml.liquid-themes.com/assets/images/demo/asymmetric-agency/banner-slider-1.jpg]
[hubhtml.liquid-themes.com/assets/images/demo/asymmetric-agency/banner-slider-2.jpg]
[hubhtml.liquid-themes.com/assets/css/theme.min.css]
[hubhtml.liquid-themes.com/assets/images/demo/asymmetric-agency/banner-slider-4.jpg]
[hubhtml.liquid-themes.com/assets/images/demo/asymmetric-agency/scroll-banana.jpg]
[hubhtml.liquid-themes.com/assets/images/common/fullscreen-project/project-2.jpg]
[hubhtml.liquid-themes.com/assets/images/common/fullscreen-project/project-7.jpg]
[hubhtml.liquid-themes.com/assets/css/utility.min.css]
[hubhtml.liquid-themes.com/assets/images/demo/asymmetric-agency/about-us/experience-1.png]
[hubhtml.liquid-themes.com/assets/images/demo/asymmetric-agency/about-us/banner.png]
[hubhtml.liquid-themes.com/assets/images/demo/asymmetric-agency/about-us/experience-2.png]
[hubhtml.liquid-themes.com/assets/images/demo/asymmetric-agency/about-us/team-1.png]
[hubhtml.liquid-themes.com/assets/css/demo/digital-hub/base.css]
[hubhtml.liquid-themes.com/assets/images/demo/asymmetric-agency/about-us/team-2.png]
[hubhtml.liquid-themes.com/assets/images/demo/asymmetric-agency/our-approach/banner.jpg]
[hubhtml.liquid-themes.com/assets/images/demo/asymmetric-agency/our-approach/what-we-do-1.jpg]
[hubhtml.liquid-themes.com/assets/images/demo/asymmetric-agency/our-approach/our-vision.jpg]
[hubhtml.liquid-themes.com/assets/css/demo/digital-hub/digital-hub.css]
[hubhtml.liquid-themes.com/assets/images/demo/asymmetric-agency/expertise/hero.jpg]
[hubhtml.liquid-themes.com/assets/images/demo/asymmetric-agency/our-approach/lets-talk.jpg]
[hubhtml.liquid-themes.com/assets/images/demo/asymmetric-agency/expertise/carousel-image-1.jpg]
[hubhtml.liquid-themes.com/assets/images/demo/asymmetric-agency/expertise/carousel-image-3.jpg]
[use.typekit.net/af/5e6988/00000000000000007735a163/30/le196]
[use.typekit.net/af/5e6988/00000000000000007735a163/30/de196]
[use.typekit.net/af/5e6988/00000000000000007735a163/30/ae196]
[use.typekit.net/gvb1ffq.css]
[hubhtml.liquid-themes.com/assets/images/demo/digital-hub/logo.svg]
[hubhtml.liquid-themes.com/assets/images/demo/digital-hub/client-dropcam.svg]
[hubhtml.liquid-themes.com/assets/images/demo/digital-hub/client-amazon.svg]
[hubhtml.liquid-themes.com/assets/images/demo/digital-hub/client-cisco.svg]
[hubhtml.liquid-themes.com/assets/images/demo/digital-hub/client-amd-logo.svg]
[hubhtml.liquid-themes.com/assets/images/demo/digital-hub/client-logitech.svg]
[hubhtml.liquid-themes.com/assets/images/demo/digital-hub/client-Spotify.svg]
[hubhtml.liquid-themes.com/assets/vendors/jquery.min.js]
[hubhtml.liquid-themes.com/assets/vendors/jquery-ui/jquery-ui.min.js]
[hubhtml.liquid-themes.com/assets/vendors/fastdom/fastdom.min.js]
[hubhtml.liquid-themes.com/assets/vendors/bootstrap/js/bootstrap.min.js]
[hubhtml.liquid-themes.com/assets/vendors/fresco/js/fresco.js]
[hubhtml.liquid-themes.com/Chrome/index.html]
[hubhtml.liquid-themes.com/assets/vendors/lity/lity.min.js]
[hubhtml.liquid-themes.com/assets/vendors/gsap/minified/gsap.min.js]
[hubhtml.liquid-themes.com/assets/vendors/gsap/utils/CustomEase.min.js]
[hubhtml.liquid-themes.com/assets/vendors/gsap/minified/DrawSVGPlugin.min.js]
[hubhtml.liquid-themes.com/assets/vendors/gsap/minified/ScrollTrigger.min.js]
[hubhtml.liquid-themes.com/assets/vendors/draw-shape/liquidDrawShape.min.js]
[hubhtml.liquid-themes.com/CrMo/index.html]
[hubhtml.liquid-themes.com/AppleWebKit/index.html]
[hubhtml.liquid-themes.com/IEMobile/index.html]
[hubhtml.liquid-themes.com/${window.location.href}]
[hubhtml.liquid-themes.com/assets/vendors/animated-blob/liquidAnimatedBlob.min.js]
[hubhtml.liquid-themes.com/assets/vendors/fontfaceobserver.js]
[hubhtml.liquid-themes.com/assets/vendors/gsap/utils/SplitText.min.js]
[hubhtml.liquid-themes.com/assets/vendors/flickity/flickity.pkgd.min.js]
[hubhtml.liquid-themes.com/assets/vendors/flickity/flickity-fade.min.js]
[hubhtml.liquid-themes.com/GET]
[hubhtml.liquid-themes.com/Error pJS - No image.src]
[hubhtml.liquid-themes.com/assets/vendors/particles.min.js]
[hubhtml.liquid-themes.com/assets/vendors/isotope/isotope.pkgd.min.js]
[hubhtml.liquid-themes.com/assets/js/liquid-gdpr.min.js]
[hubhtml.liquid-themes.com/${this.getCurrentSrc(]
[hubhtml.liquid-themes.com/${this.bgUrl}]
[hubhtml.liquid-themes.com/index.html]
[hubhtml.liquid-themes.com/${this.isRowBg}]
[hubhtml.liquid-themes.com/assets/js/theme.min.js]
[hubhtml.liquid-themes.com/assets/js/liquid-ajax-contact-form.min.js]
[hubhtml.liquid-themes.com/assets/css/demo/digital-hub/digital-hub-blog.css]
[hubhtml.liquid-themes.com/assets/fonts/source-sans-pro/SourceSansPro-Regular.woff2]
[hubhtml.liquid-themes.com/assets/fonts/source-sans-pro/SourceSansPro-Bold.woff2]
[hubhtml.liquid-themes.com/assets/css/demo/company/base.css]
[hubhtml.liquid-themes.com/assets/css/demo/company/company-what-we-do.css]
[hubhtml.liquid-themes.com/index-company.html]
[hubhtml.liquid-themes.com/assets/images/demo/company/hub-svg-logo.svg]
[hubhtml.liquid-themes.com/assets/images/demo/company/logo.svg]
[hubhtml.liquid-themes.com/assets/vendors/isotope/packery-mode.pkgd.min.js]
[hubhtml.liquid-themes.com/assets/css/demo/asymmetric-agency/base.css]
[hubhtml.liquid-themes.com/assets/css/demo/asymmetric-agency/asymmetric-agency-case-studies.css]
[hubhtml.liquid-themes.com/assets/images/demo/asymmetric-agency/logo.svg]
[hubhtml.liquid-themes.com/assets/images/demo/asymmetric-agency/logo-light.svg]
[hubhtml.liquid-themes.com/assets/images/demo/asymmetric-agency/shape-stars.svg]
[hubhtml.liquid-themes.com/assets/vendors/tinycolor-min.js]
[hubhtml.liquid-themes.com/assets/css/demo/company/company.css]
[hubhtml.liquid-themes.com/assets/images/demo/company/bg-lines.svg]
[hubhtml.liquid-themes.com/assets/images/demo/company/client-logo-7-2.svg]
[hubhtml.liquid-themes.com/assets/images/demo/company/client-yahoofinance-2.svg]
[hubhtml.liquid-themes.com/assets/images/demo/company/client-dhl-2.svg]
[hubhtml.liquid-themes.com/assets/images/demo/company/client-entr-2.svg]
[hubhtml.liquid-themes.com/assets/images/demo/company/client-dropcam-1.svg]
[hubhtml.liquid-themes.com/assets/images/demo/company/client-digitallogo-1.svg]
[hubhtml.liquid-themes.com/assets/images/demo/company/icon-quote.svg]
[hubhtml.liquid-themes.com/assets/css/demo/company/company-about.css]
[hubhtml.liquid-themes.com/assets/images/demo/company/about/client-facebook.svg]
[hubhtml.liquid-themes.com/assets/images/demo/company/about/client-paypal-logo.svg]
[hubhtml.liquid-themes.com/assets/images/demo/company/about/client-logitech-2-1.svg]
[hubhtml.liquid-themes.com/assets/images/demo/company/about/client-apper.svg]
[hubhtml.liquid-themes.com/assets/images/demo/company/about/client-amazon-2.svg]
[hubhtml.liquid-themes.com/assets/css/demo/company/company-services-2.css]
[hubhtml.liquid-themes.com/assets/css/demo/company/company-contact.css]
[hubhtml.liquid-themes.com/assets/css/demo/asymmetric-agency/asymmetric-agency.css]
[hubhtml.liquid-themes.com/assets/images/demo/asymmetric-agency/bg-lines.svg]
[hubhtml.liquid-themes.com/assets/images/demo/asymmetric-agency/client-dhl.svg]
[hubhtml.liquid-themes.com/assets/images/demo/asymmetric-agency/client-apper.svg]
[hubhtml.liquid-themes.com/assets/images/demo/asymmetric-agency/client-dropcam.svg]
[hubhtml.liquid-themes.com/assets/images/demo/asymmetric-agency/client-amazon-5.svg]
[hubhtml.liquid-themes.com/assets/images/demo/asymmetric-agency/client-yahoo.svg]
[hubhtml.liquid-themes.com/assets/images/demo/asymmetric-agency/client-logitecg-5.svg]
[hubhtml.liquid-themes.com/assets/images/demo/asymmetric-agency/shape-hand.svg]
[hubhtml.liquid-themes.com/assets/css/demo/asymmetric-agency/asymmetric-agency-about-us.css]
[hubhtml.liquid-themes.com/assets/images/demo/asymmetric-agency/bg-lines-light.svg]
[hubhtml.liquid-themes.com/assets/images/demo/asymmetric-agency/about-us/client-1.svg]
[hubhtml.liquid-themes.com/assets/images/demo/asymmetric-agency/about-us/client-2.svg]
[hubhtml.liquid-themes.com/assets/images/demo/asymmetric-agency/about-us/client-3.svg]
[hubhtml.liquid-themes.com/assets/images/demo/asymmetric-agency/about-us/client-4.svg]
[hubhtml.liquid-themes.com/assets/images/demo/asymmetric-agency/about-us/client-5.svg]
[hubhtml.liquid-themes.com/assets/images/demo/asymmetric-agency/about-us/client-6.svg]
[hubhtml.liquid-themes.com/assets/images/demo/asymmetric-agency/about-us/client-7.svg]
[hubhtml.liquid-themes.com/assets/images/demo/asymmetric-agency/about-us/client-8.svg]
[hubhtml.liquid-themes.com/assets/images/demo/asymmetric-agency/about-us/client-9.svg]
[hubhtml.liquid-themes.com/assets/images/demo/asymmetric-agency/about-us/client-10.svg]
[hubhtml.liquid-themes.com/assets/images/demo/asymmetric-agency/about-us/client-11.svg]
[hubhtml.liquid-themes.com/assets/css/demo/asymmetric-agency/asymmetric-agency-our-approach.css]
[hubhtml.liquid-themes.com/assets/images/demo/asymmetric-agency/our-approach/shape-stars.svg]
[hubhtml.liquid-themes.com/assets/css/demo/asymmetric-agency/asymmetric-agency-expertise.css]
[p.typekit.net/pe034.css]
[hubhtml.liquid-themes.com/AppleWebKit/index.html]
[hubhtml.liquid-themes.com/Chrome/index.html]
[hubhtml.liquid-themes.com/CrMo/index.html]
[hubhtml.liquid-themes.com/IEMobile/index.html]
[hubhtml.liquid-themes.com/${window.location.html]
[hubhtml.liquid-themes.com/GET.html]
[hubhtml.liquid-themes.com/Error pJS - No image.html]
[hubhtml.liquid-themes.com/${this.html]
[hubhtml.liquid-themes.com/index.html]
[hubhtml.liquid-themes.com/${this-2.html]
[hubhtml.liquid-themes.com/${this-3.html]
